<?xml version="1.0" encoding="UTF-8" ?>
<testsuite failures="0" time="0.059" errors="0" skipped="0" tests="1" name="br.com.smarttaco.negocio.UtilTest">
  <properties>
    <property name="java.runtime.name" value="Java(TM) SE Runtime Environment"/>
    <property name="sun.boot.library.path" value="/var/opt/jdk7/jre/lib/i386"/>
    <property name="java.vm.version" value="24.45-b08"/>
    <property name="java.vm.vendor" value="Oracle Corporation"/>
    <property name="java.vendor.url" value="http://java.oracle.com/"/>
    <property name="path.separator" value=":"/>
    <property name="java.vm.name" value="Java HotSpot(TM) Server VM"/>
    <property name="file.encoding.pkg" value="sun.io"/>
    <property name="user.country" value="BR"/>
    <property name="sun.java.launcher" value="SUN_STANDARD"/>
    <property name="sun.os.patch.level" value="unknown"/>
    <property name="java.vm.specification.name" value="Java Virtual Machine Specification"/>
    <property name="user.dir" value="/home/junior/workspace/smartTaco"/>
    <property name="java.runtime.version" value="1.7.0_45-b18"/>
    <property name="netbeans.deploy" value="true"/>
    <property name="java.awt.graphicsenv" value="sun.awt.X11GraphicsEnvironment"/>
    <property name="basedir" value="/home/junior/workspace/smartTaco"/>
    <property name="java.endorsed.dirs" value="/var/opt/jdk7/jre/lib/endorsed"/>
    <property name="os.arch" value="i386"/>
    <property name="surefire.real.class.path" value="/tmp/surefirebooter5549157072985870737.jar"/>
    <property name="java.io.tmpdir" value="/tmp"/>
    <property name="line.separator" value="
"/>
    <property name="java.vm.specification.vendor" value="Oracle Corporation"/>
    <property name="netbeans.deploy.debugmode" value="true"/>
    <property name="os.name" value="Linux"/>
    <property name="maven.ext.class.path" value="/usr/local/netbeans-7.4/java/maven-nblib/netbeans-eventspy.jar"/>
    <property name="sun.jnu.encoding" value="UTF-8"/>
    <property name="java.library.path" value="/var/opt/jdk7/jre/lib/amd64:/var/opt/jdk7/jre/lib/i386::/usr/java/packages/lib/i386:/lib:/usr/lib"/>
    <property name="surefire.test.class.path" value="/home/junior/workspace/smartTaco/target/test-classes:/home/junior/workspace/smartTaco/target/classes:/home/junior/.m2/repository/javax/javaee-web-api/7.0/javaee-web-api-7.0.jar:/home/junior/.m2/repository/javax/faces/jsf-api/2.1/jsf-api-2.1.jar:/home/junior/.m2/repository/org/primefaces/primefaces/5.1/primefaces-5.1.jar:/home/junior/.m2/repository/junit/junit/4.9/junit-4.9.jar:/home/junior/.m2/repository/org/hamcrest/hamcrest-core/1.1/hamcrest-core-1.1.jar:/home/junior/.m2/repository/joda-time/joda-time/2.3/joda-time-2.3.jar:/home/junior/.m2/repository/log4j/log4j/1.2.17/log4j-1.2.17.jar:/home/junior/.m2/repository/org/projectlombok/lombok/1.12.2/lombok-1.12.2.jar:/home/junior/.m2/repository/org/objenesis/objenesis/2.1/objenesis-2.1.jar:/home/junior/.m2/repository/net/vidageek/mirror/1.6.1/mirror-1.6.1.jar:/home/junior/.m2/repository/org/postgresql/postgresql/9.4-1200-jdbc4/postgresql-9.4-1200-jdbc4.jar:/home/junior/.m2/repository/com/github/dblock/waffle/waffle-jna/1.7/waffle-jna-1.7.jar:/home/junior/.m2/repository/net/java/dev/jna/jna/4.1.0/jna-4.1.0.jar:/home/junior/.m2/repository/net/java/dev/jna/jna-platform/4.1.0/jna-platform-4.1.0.jar:/home/junior/.m2/repository/com/google/guava/guava/18.0/guava-18.0.jar:/home/junior/.m2/repository/org/slf4j/slf4j-simple/1.7.7/slf4j-simple-1.7.7.jar:/home/junior/.m2/repository/org/hibernate/javax/persistence/hibernate-jpa-2.0-api/1.0.1.Final/hibernate-jpa-2.0-api-1.0.1.Final.jar:/home/junior/.m2/repository/org/hibernate/hibernate-core/4.3.0.Final/hibernate-core-4.3.0.Final.jar:/home/junior/.m2/repository/org/jboss/logging/jboss-logging/3.1.3.GA/jboss-logging-3.1.3.GA.jar:/home/junior/.m2/repository/org/jboss/logging/jboss-logging-annotations/1.2.0.Beta1/jboss-logging-annotations-1.2.0.Beta1.jar:/home/junior/.m2/repository/org/jboss/spec/javax/transaction/jboss-transaction-api_1.2_spec/1.0.0.Final/jboss-transaction-api_1.2_spec-1.0.0.Final.jar:/home/junior/.m2/repository/dom4j/dom4j/1.6.1/dom4j-1.6.1.jar:/home/junior/.m2/repository/xml-apis/xml-apis/1.0.b2/xml-apis-1.0.b2.jar:/home/junior/.m2/repository/org/hibernate/common/hibernate-commons-annotations/4.0.4.Final/hibernate-commons-annotations-4.0.4.Final.jar:/home/junior/.m2/repository/org/hibernate/javax/persistence/hibernate-jpa-2.1-api/1.0.0.Final/hibernate-jpa-2.1-api-1.0.0.Final.jar:/home/junior/.m2/repository/org/javassist/javassist/3.18.1-GA/javassist-3.18.1-GA.jar:/home/junior/.m2/repository/antlr/antlr/2.7.7/antlr-2.7.7.jar:/home/junior/.m2/repository/org/jboss/jandex/1.1.0.Final/jandex-1.1.0.Final.jar:/home/junior/.m2/repository/org/hibernate/hibernate-entitymanager/4.3.0.Final/hibernate-entitymanager-4.3.0.Final.jar:/home/junior/.m2/repository/org/hibernate/hibernate-jpamodelgen/4.3.0.Final/hibernate-jpamodelgen-4.3.0.Final.jar:/home/junior/.m2/repository/org/hibernate/hibernate-validator/4.3.0.Final/hibernate-validator-4.3.0.Final.jar:/home/junior/.m2/repository/javax/validation/validation-api/1.0.0.GA/validation-api-1.0.0.GA.jar:/home/junior/.m2/repository/org/hibernate/hibernate-search-orm/4.4.2.Final/hibernate-search-orm-4.4.2.Final.jar:/home/junior/.m2/repository/org/hibernate/hibernate-search-engine/4.4.2.Final/hibernate-search-engine-4.4.2.Final.jar:/home/junior/.m2/repository/org/apache/avro/avro/1.7.5/avro-1.7.5.jar:/home/junior/.m2/repository/org/codehaus/jackson/jackson-core-asl/1.9.13/jackson-core-asl-1.9.13.jar:/home/junior/.m2/repository/org/codehaus/jackson/jackson-mapper-asl/1.9.13/jackson-mapper-asl-1.9.13.jar:/home/junior/.m2/repository/com/thoughtworks/paranamer/paranamer/2.3/paranamer-2.3.jar:/home/junior/.m2/repository/org/apache/commons/commons-compress/1.4.1/commons-compress-1.4.1.jar:/home/junior/.m2/repository/org/apache/lucene/lucene-facet/3.6.2/lucene-facet-3.6.2.jar:/home/junior/.m2/repository/org/hibernate/hibernate-search-analyzers/4.4.2.Final/hibernate-search-analyzers-4.4.2.Final.jar:/home/junior/.m2/repository/org/apache/lucene/lucene-core/3.6.2/lucene-core-3.6.2.jar:/home/junior/.m2/repository/org/apache/lucene/lucene-analyzers/3.6.2/lucene-analyzers-3.6.2.jar:/home/junior/.m2/repository/org/apache/solr/solr-analysis-extras/3.6.2/solr-analysis-extras-3.6.2.jar:/home/junior/.m2/repository/org/apache/solr/solr-core/3.6.2/solr-core-3.6.2.jar:/home/junior/.m2/repository/org/apache/solr/solr-solrj/3.6.2/solr-solrj-3.6.2.jar:/home/junior/.m2/repository/org/apache/lucene/lucene-highlighter/3.6.2/lucene-highlighter-3.6.2.jar:/home/junior/.m2/repository/org/apache/lucene/lucene-kuromoji/3.6.2/lucene-kuromoji-3.6.2.jar:/home/junior/.m2/repository/org/apache/lucene/lucene-memory/3.6.2/lucene-memory-3.6.2.jar:/home/junior/.m2/repository/org/apache/lucene/lucene-misc/3.6.2/lucene-misc-3.6.2.jar:/home/junior/.m2/repository/org/apache/lucene/lucene-phonetic/3.6.2/lucene-phonetic-3.6.2.jar:/home/junior/.m2/repository/org/apache/lucene/lucene-spatial/3.6.2/lucene-spatial-3.6.2.jar:/home/junior/.m2/repository/org/apache/lucene/lucene-spellchecker/3.6.2/lucene-spellchecker-3.6.2.jar:/home/junior/.m2/repository/org/apache/lucene/lucene-grouping/3.6.2/lucene-grouping-3.6.2.jar:/home/junior/.m2/repository/commons-io/commons-io/2.1/commons-io-2.1.jar:/home/junior/.m2/repository/commons-lang/commons-lang/2.6/commons-lang-2.6.jar:/home/junior/.m2/repository/org/apache/lucene/lucene-smartcn/3.6.2/lucene-smartcn-3.6.2.jar:/home/junior/.m2/repository/org/apache/lucene/lucene-stempel/3.6.2/lucene-stempel-3.6.2.jar:/home/junior/.m2/repository/javax/servlet/jstl/1.2/jstl-1.2.jar:/home/junior/.m2/repository/org/apache/commons/commons-email/1.4/commons-email-1.4.jar:/home/junior/.m2/repository/com/sun/mail/javax.mail/1.5.2/javax.mail-1.5.2.jar:/home/junior/.m2/repository/javax/activation/activation/1.1.1/activation-1.1.1.jar:/home/junior/.m2/repository/javax/mail/mail/1.4/mail-1.4.jar:/home/junior/.m2/repository/org/sevensource/commons/html-email-service/0.4.0/html-email-service-0.4.0.jar:/home/junior/.m2/repository/org/springframework/spring-context-support/4.0.6.RELEASE/spring-context-support-4.0.6.RELEASE.jar:/home/junior/.m2/repository/org/springframework/spring-beans/4.0.6.RELEASE/spring-beans-4.0.6.RELEASE.jar:/home/junior/.m2/repository/org/springframework/spring-context/4.0.6.RELEASE/spring-context-4.0.6.RELEASE.jar:/home/junior/.m2/repository/org/springframework/spring-aop/4.0.6.RELEASE/spring-aop-4.0.6.RELEASE.jar:/home/junior/.m2/repository/aopalliance/aopalliance/1.0/aopalliance-1.0.jar:/home/junior/.m2/repository/org/springframework/spring-expression/4.0.6.RELEASE/spring-expression-4.0.6.RELEASE.jar:/home/junior/.m2/repository/org/springframework/spring-core/4.0.6.RELEASE/spring-core-4.0.6.RELEASE.jar:/home/junior/.m2/repository/javax/enterprise/cdi-api/1.2/cdi-api-1.2.jar:/home/junior/.m2/repository/javax/el/javax.el-api/3.0.0/javax.el-api-3.0.0.jar:/home/junior/.m2/repository/javax/interceptor/javax.interceptor-api/1.2/javax.interceptor-api-1.2.jar:/home/junior/.m2/repository/javax/inject/javax.inject/1/javax.inject-1.jar:/home/junior/.m2/repository/org/thymeleaf/thymeleaf/2.1.3.RELEASE/thymeleaf-2.1.3.RELEASE.jar:/home/junior/.m2/repository/ognl/ognl/3.0.6/ognl-3.0.6.jar:/home/junior/.m2/repository/org/unbescape/unbescape/1.0/unbescape-1.0.jar:/home/junior/.m2/repository/org/thymeleaf/thymeleaf-spring4/2.1.3.RELEASE/thymeleaf-spring4-2.1.3.RELEASE.jar:/home/junior/.m2/repository/net/htmlparser/jericho/jericho-html/3.3/jericho-html-3.3.jar:/home/junior/.m2/repository/org/apache/commons/commons-lang3/3.3.2/commons-lang3-3.3.2.jar:/home/junior/.m2/repository/org/slf4j/slf4j-api/1.7.7/slf4j-api-1.7.7.jar:/home/junior/.m2/repository/org/apache/camel/camel-core/2.15.3/camel-core-2.15.3.jar:/home/junior/.m2/repository/com/sun/xml/bind/jaxb-core/2.2.11/jaxb-core-2.2.11.jar:/home/junior/.m2/repository/com/sun/xml/bind/jaxb-impl/2.2.11/jaxb-impl-2.2.11.jar:/home/junior/.m2/repository/org/apache/camel/camel-http/2.15.3/camel-http-2.15.3.jar:/home/junior/.m2/repository/org/apache/geronimo/specs/geronimo-servlet_3.0_spec/1.0/geronimo-servlet_3.0_spec-1.0.jar:/home/junior/.m2/repository/commons-httpclient/commons-httpclient/3.1/commons-httpclient-3.1.jar:/home/junior/.m2/repository/commons-codec/commons-codec/1.10/commons-codec-1.10.jar:/home/junior/.m2/repository/org/apache/camel/camel-tagsoup/2.15.3/camel-tagsoup-2.15.3.jar:/home/junior/.m2/repository/org/ccil/cowan/tagsoup/tagsoup/1.2.1/tagsoup-1.2.1.jar:/home/junior/.m2/repository/org/icefaces/icefaces-ace/4.1.1/icefaces-ace-4.1.1.jar:/home/junior/.m2/repository/org/icefaces/icefaces/4.1.1/icefaces-4.1.1.jar:/home/junior/.m2/repository/org/icefaces/icefaces-compat/3.0.1/icefaces-compat-3.0.1.jar:/home/junior/.m2/repository/commons-beanutils/commons-beanutils/1.8.0/commons-beanutils-1.8.0.jar:/home/junior/.m2/repository/commons-logging/commons-logging/1.1/commons-logging-1.1.jar:"/>
    <property name="java.specification.name" value="Java Platform API Specification"/>
    <property name="java.class.version" value="51.0"/>
    <property name="sun.management.compiler" value="HotSpot Tiered Compilers"/>
    <property name="os.version" value="3.13.0-85-generic"/>
    <property name="user.home" value="/home/junior"/>
    <property name="user.timezone" value=""/>
    <property name="java.awt.printerjob" value="sun.print.PSPrinterJob"/>
    <property name="java.specification.version" value="1.7"/>
    <property name="file.encoding" value="UTF-8"/>
    <property name="user.name" value="junior"/>
    <property name="java.class.path" value="/home/junior/workspace/smartTaco/target/test-classes:/home/junior/workspace/smartTaco/target/classes:/home/junior/.m2/repository/javax/javaee-web-api/7.0/javaee-web-api-7.0.jar:/home/junior/.m2/repository/javax/faces/jsf-api/2.1/jsf-api-2.1.jar:/home/junior/.m2/repository/org/primefaces/primefaces/5.1/primefaces-5.1.jar:/home/junior/.m2/repository/junit/junit/4.9/junit-4.9.jar:/home/junior/.m2/repository/org/hamcrest/hamcrest-core/1.1/hamcrest-core-1.1.jar:/home/junior/.m2/repository/joda-time/joda-time/2.3/joda-time-2.3.jar:/home/junior/.m2/repository/log4j/log4j/1.2.17/log4j-1.2.17.jar:/home/junior/.m2/repository/org/projectlombok/lombok/1.12.2/lombok-1.12.2.jar:/home/junior/.m2/repository/org/objenesis/objenesis/2.1/objenesis-2.1.jar:/home/junior/.m2/repository/net/vidageek/mirror/1.6.1/mirror-1.6.1.jar:/home/junior/.m2/repository/org/postgresql/postgresql/9.4-1200-jdbc4/postgresql-9.4-1200-jdbc4.jar:/home/junior/.m2/repository/com/github/dblock/waffle/waffle-jna/1.7/waffle-jna-1.7.jar:/home/junior/.m2/repository/net/java/dev/jna/jna/4.1.0/jna-4.1.0.jar:/home/junior/.m2/repository/net/java/dev/jna/jna-platform/4.1.0/jna-platform-4.1.0.jar:/home/junior/.m2/repository/com/google/guava/guava/18.0/guava-18.0.jar:/home/junior/.m2/repository/org/slf4j/slf4j-simple/1.7.7/slf4j-simple-1.7.7.jar:/home/junior/.m2/repository/org/hibernate/javax/persistence/hibernate-jpa-2.0-api/1.0.1.Final/hibernate-jpa-2.0-api-1.0.1.Final.jar:/home/junior/.m2/repository/org/hibernate/hibernate-core/4.3.0.Final/hibernate-core-4.3.0.Final.jar:/home/junior/.m2/repository/org/jboss/logging/jboss-logging/3.1.3.GA/jboss-logging-3.1.3.GA.jar:/home/junior/.m2/repository/org/jboss/logging/jboss-logging-annotations/1.2.0.Beta1/jboss-logging-annotations-1.2.0.Beta1.jar:/home/junior/.m2/repository/org/jboss/spec/javax/transaction/jboss-transaction-api_1.2_spec/1.0.0.Final/jboss-transaction-api_1.2_spec-1.0.0.Final.jar:/home/junior/.m2/repository/dom4j/dom4j/1.6.1/dom4j-1.6.1.jar:/home/junior/.m2/repository/xml-apis/xml-apis/1.0.b2/xml-apis-1.0.b2.jar:/home/junior/.m2/repository/org/hibernate/common/hibernate-commons-annotations/4.0.4.Final/hibernate-commons-annotations-4.0.4.Final.jar:/home/junior/.m2/repository/org/hibernate/javax/persistence/hibernate-jpa-2.1-api/1.0.0.Final/hibernate-jpa-2.1-api-1.0.0.Final.jar:/home/junior/.m2/repository/org/javassist/javassist/3.18.1-GA/javassist-3.18.1-GA.jar:/home/junior/.m2/repository/antlr/antlr/2.7.7/antlr-2.7.7.jar:/home/junior/.m2/repository/org/jboss/jandex/1.1.0.Final/jandex-1.1.0.Final.jar:/home/junior/.m2/repository/org/hibernate/hibernate-entitymanager/4.3.0.Final/hibernate-entitymanager-4.3.0.Final.jar:/home/junior/.m2/repository/org/hibernate/hibernate-jpamodelgen/4.3.0.Final/hibernate-jpamodelgen-4.3.0.Final.jar:/home/junior/.m2/repository/org/hibernate/hibernate-validator/4.3.0.Final/hibernate-validator-4.3.0.Final.jar:/home/junior/.m2/repository/javax/validation/validation-api/1.0.0.GA/validation-api-1.0.0.GA.jar:/home/junior/.m2/repository/org/hibernate/hibernate-search-orm/4.4.2.Final/hibernate-search-orm-4.4.2.Final.jar:/home/junior/.m2/repository/org/hibernate/hibernate-search-engine/4.4.2.Final/hibernate-search-engine-4.4.2.Final.jar:/home/junior/.m2/repository/org/apache/avro/avro/1.7.5/avro-1.7.5.jar:/home/junior/.m2/repository/org/codehaus/jackson/jackson-core-asl/1.9.13/jackson-core-asl-1.9.13.jar:/home/junior/.m2/repository/org/codehaus/jackson/jackson-mapper-asl/1.9.13/jackson-mapper-asl-1.9.13.jar:/home/junior/.m2/repository/com/thoughtworks/paranamer/paranamer/2.3/paranamer-2.3.jar:/home/junior/.m2/repository/org/apache/commons/commons-compress/1.4.1/commons-compress-1.4.1.jar:/home/junior/.m2/repository/org/apache/lucene/lucene-facet/3.6.2/lucene-facet-3.6.2.jar:/home/junior/.m2/repository/org/hibernate/hibernate-search-analyzers/4.4.2.Final/hibernate-search-analyzers-4.4.2.Final.jar:/home/junior/.m2/repository/org/apache/lucene/lucene-core/3.6.2/lucene-core-3.6.2.jar:/home/junior/.m2/repository/org/apache/lucene/lucene-analyzers/3.6.2/lucene-analyzers-3.6.2.jar:/home/junior/.m2/repository/org/apache/solr/solr-analysis-extras/3.6.2/solr-analysis-extras-3.6.2.jar:/home/junior/.m2/repository/org/apache/solr/solr-core/3.6.2/solr-core-3.6.2.jar:/home/junior/.m2/repository/org/apache/solr/solr-solrj/3.6.2/solr-solrj-3.6.2.jar:/home/junior/.m2/repository/org/apache/lucene/lucene-highlighter/3.6.2/lucene-highlighter-3.6.2.jar:/home/junior/.m2/repository/org/apache/lucene/lucene-kuromoji/3.6.2/lucene-kuromoji-3.6.2.jar:/home/junior/.m2/repository/org/apache/lucene/lucene-memory/3.6.2/lucene-memory-3.6.2.jar:/home/junior/.m2/repository/org/apache/lucene/lucene-misc/3.6.2/lucene-misc-3.6.2.jar:/home/junior/.m2/repository/org/apache/lucene/lucene-phonetic/3.6.2/lucene-phonetic-3.6.2.jar:/home/junior/.m2/repository/org/apache/lucene/lucene-spatial/3.6.2/lucene-spatial-3.6.2.jar:/home/junior/.m2/repository/org/apache/lucene/lucene-spellchecker/3.6.2/lucene-spellchecker-3.6.2.jar:/home/junior/.m2/repository/org/apache/lucene/lucene-grouping/3.6.2/lucene-grouping-3.6.2.jar:/home/junior/.m2/repository/commons-io/commons-io/2.1/commons-io-2.1.jar:/home/junior/.m2/repository/commons-lang/commons-lang/2.6/commons-lang-2.6.jar:/home/junior/.m2/repository/org/apache/lucene/lucene-smartcn/3.6.2/lucene-smartcn-3.6.2.jar:/home/junior/.m2/repository/org/apache/lucene/lucene-stempel/3.6.2/lucene-stempel-3.6.2.jar:/home/junior/.m2/repository/javax/servlet/jstl/1.2/jstl-1.2.jar:/home/junior/.m2/repository/org/apache/commons/commons-email/1.4/commons-email-1.4.jar:/home/junior/.m2/repository/com/sun/mail/javax.mail/1.5.2/javax.mail-1.5.2.jar:/home/junior/.m2/repository/javax/activation/activation/1.1.1/activation-1.1.1.jar:/home/junior/.m2/repository/javax/mail/mail/1.4/mail-1.4.jar:/home/junior/.m2/repository/org/sevensource/commons/html-email-service/0.4.0/html-email-service-0.4.0.jar:/home/junior/.m2/repository/org/springframework/spring-context-support/4.0.6.RELEASE/spring-context-support-4.0.6.RELEASE.jar:/home/junior/.m2/repository/org/springframework/spring-beans/4.0.6.RELEASE/spring-beans-4.0.6.RELEASE.jar:/home/junior/.m2/repository/org/springframework/spring-context/4.0.6.RELEASE/spring-context-4.0.6.RELEASE.jar:/home/junior/.m2/repository/org/springframework/spring-aop/4.0.6.RELEASE/spring-aop-4.0.6.RELEASE.jar:/home/junior/.m2/repository/aopalliance/aopalliance/1.0/aopalliance-1.0.jar:/home/junior/.m2/repository/org/springframework/spring-expression/4.0.6.RELEASE/spring-expression-4.0.6.RELEASE.jar:/home/junior/.m2/repository/org/springframework/spring-core/4.0.6.RELEASE/spring-core-4.0.6.RELEASE.jar:/home/junior/.m2/repository/javax/enterprise/cdi-api/1.2/cdi-api-1.2.jar:/home/junior/.m2/repository/javax/el/javax.el-api/3.0.0/javax.el-api-3.0.0.jar:/home/junior/.m2/repository/javax/interceptor/javax.interceptor-api/1.2/javax.interceptor-api-1.2.jar:/home/junior/.m2/repository/javax/inject/javax.inject/1/javax.inject-1.jar:/home/junior/.m2/repository/org/thymeleaf/thymeleaf/2.1.3.RELEASE/thymeleaf-2.1.3.RELEASE.jar:/home/junior/.m2/repository/ognl/ognl/3.0.6/ognl-3.0.6.jar:/home/junior/.m2/repository/org/unbescape/unbescape/1.0/unbescape-1.0.jar:/home/junior/.m2/repository/org/thymeleaf/thymeleaf-spring4/2.1.3.RELEASE/thymeleaf-spring4-2.1.3.RELEASE.jar:/home/junior/.m2/repository/net/htmlparser/jericho/jericho-html/3.3/jericho-html-3.3.jar:/home/junior/.m2/repository/org/apache/commons/commons-lang3/3.3.2/commons-lang3-3.3.2.jar:/home/junior/.m2/repository/org/slf4j/slf4j-api/1.7.7/slf4j-api-1.7.7.jar:/home/junior/.m2/repository/org/apache/camel/camel-core/2.15.3/camel-core-2.15.3.jar:/home/junior/.m2/repository/com/sun/xml/bind/jaxb-core/2.2.11/jaxb-core-2.2.11.jar:/home/junior/.m2/repository/com/sun/xml/bind/jaxb-impl/2.2.11/jaxb-impl-2.2.11.jar:/home/junior/.m2/repository/org/apache/camel/camel-http/2.15.3/camel-http-2.15.3.jar:/home/junior/.m2/repository/org/apache/geronimo/specs/geronimo-servlet_3.0_spec/1.0/geronimo-servlet_3.0_spec-1.0.jar:/home/junior/.m2/repository/commons-httpclient/commons-httpclient/3.1/commons-httpclient-3.1.jar:/home/junior/.m2/repository/commons-codec/commons-codec/1.10/commons-codec-1.10.jar:/home/junior/.m2/repository/org/apache/camel/camel-tagsoup/2.15.3/camel-tagsoup-2.15.3.jar:/home/junior/.m2/repository/org/ccil/cowan/tagsoup/tagsoup/1.2.1/tagsoup-1.2.1.jar:/home/junior/.m2/repository/org/icefaces/icefaces-ace/4.1.1/icefaces-ace-4.1.1.jar:/home/junior/.m2/repository/org/icefaces/icefaces/4.1.1/icefaces-4.1.1.jar:/home/junior/.m2/repository/org/icefaces/icefaces-compat/3.0.1/icefaces-compat-3.0.1.jar:/home/junior/.m2/repository/commons-beanutils/commons-beanutils/1.8.0/commons-beanutils-1.8.0.jar:/home/junior/.m2/repository/commons-logging/commons-logging/1.1/commons-logging-1.1.jar:"/>
    <property name="java.vm.specification.version" value="1.7"/>
    <property name="sun.arch.data.model" value="32"/>
    <property name="java.home" value="/var/opt/jdk7/jre"/>
    <property name="sun.java.command" value="/tmp/surefirebooter5549157072985870737.jar /tmp/surefire4018889972472413094tmp /tmp/surefire3069760361662288959tmp"/>
    <property name="java.specification.vendor" value="Oracle Corporation"/>
    <property name="user.language" value="pt"/>
    <property name="awt.toolkit" value="sun.awt.X11.XToolkit"/>
    <property name="java.vm.info" value="mixed mode"/>
    <property name="java.version" value="1.7.0_45"/>
    <property name="java.ext.dirs" value="/var/opt/jdk7/jre/lib/ext:/usr/java/packages/lib/ext"/>
    <property name="sun.boot.class.path" value="/var/opt/jdk7/jre/lib/resources.jar:/var/opt/jdk7/jre/lib/rt.jar:/var/opt/jdk7/jre/lib/sunrsasign.jar:/var/opt/jdk7/jre/lib/jsse.jar:/var/opt/jdk7/jre/lib/jce.jar:/var/opt/jdk7/jre/lib/charsets.jar:/var/opt/jdk7/jre/lib/jfr.jar:/var/opt/jdk7/jre/classes"/>
    <property name="java.vendor" value="Oracle Corporation"/>
    <property name="localRepository" value="/home/junior/.m2/repository"/>
    <property name="file.separator" value="/"/>
    <property name="java.vendor.url.bug" value="http://bugreport.sun.com/bugreport/"/>
    <property name="sun.cpu.endian" value="little"/>
    <property name="sun.io.unicode.encoding" value="UnicodeLittle"/>
    <property name="sun.desktop" value="gnome"/>
    <property name="sun.cpu.isalist" value=""/>
  </properties>
  <testcase time="0.001" classname="br.com.smarttaco.negocio.UtilTest" name="model"/>
</testsuite>